<?xml version="1.0" encoding="UTF-8"?>
<!-- Generated by org.testng.reporters.JUnitReportReporter -->
<testsuite hostname="Himanshu" failures="0" tests="2" name="AWS_Docker" time="55.690" errors="0" timestamp="2023-10-06T11:17:39 IST" skipped="0">
  <testcase classname="AWS_Docker" name="AWS_headless" time="51.651"/>
  <system-out/>
  <testcase classname="AWS_Docker" name="AWS_browser" time="4.039"/>
  <system-out/>
</testsuite> <!-- AWS_Docker -->
