<?xml version="1.0" encoding="UTF-8"?>
<!-- Generated by org.testng.reporters.JUnitReportReporter -->
<testsuite hostname="Himanshu" failures="0" tests="1" name="AWS_Docker" time="7.301" errors="0" timestamp="2023-10-05T22:53:57 IST" skipped="0">
  <testcase classname="AWS_Docker" name="AWS_headless" time="7.301"/>
  <system-out/>
</testsuite> <!-- AWS_Docker -->
