<?xml version="1.0" encoding="UTF-8"?>
<!-- Generated by org.testng.reporters.JUnitReportReporter -->
<testsuite hostname="Himanshu" failures="0" tests="2" name="AWS_Docker" time="11.754" errors="0" timestamp="2023-10-05T22:57:48 IST" skipped="0">
  <testcase classname="AWS_Docker" name="AWS_headless" time="6.960"/>
  <system-out/>
  <testcase classname="AWS_Docker" name="AWS_browser" time="4.794"/>
  <system-out/>
</testsuite> <!-- AWS_Docker -->
