<?xml version="1.0" encoding="UTF-8"?>
<!-- Generated by org.testng.reporters.JUnitReportReporter -->
<testsuite hostname="Himanshu" failures="0" tests="1" name="AWS_Docker" time="10.599" errors="0" timestamp="2023-10-05T22:46:01 IST" skipped="0">
  <testcase classname="AWS_Docker" name="AWS1" time="10.599"/>
  <system-out/>
</testsuite> <!-- AWS_Docker -->
