<?xml version="1.0" encoding="UTF-8"?>
<!-- Generated by org.testng.reporters.JUnitReportReporter -->
<testsuite hostname="Himanshu" failures="0" tests="1" name="docker2" time="6.165" errors="0" timestamp="2023-01-23T22:09:28 IST" skipped="0">
  <testcase classname="docker2" name="firefox" time="6.165"/>
  <system-out/>
</testsuite> <!-- docker2 -->
