<?xml version="1.0" encoding="UTF-8"?>
<!-- Generated by org.testng.reporters.JUnitReportReporter -->
<testsuite hostname="Himanshu" failures="0" tests="1" name="docker1" time="5.084" errors="0" timestamp="2023-01-23T22:09:28 IST" skipped="0">
  <testcase classname="docker1" name="chrome" time="5.084"/>
  <system-out/>
</testsuite> <!-- docker1 -->
