<?xml version="1.0" encoding="UTF-8"?>
<!-- Generated by org.testng.reporters.JUnitReportReporter -->
<testsuite hostname="Himanshu" failures="0" tests="1" name="AWS_Docker" time="6.555" errors="0" timestamp="2023-10-06T12:45:59 IST" skipped="0">
  <testcase classname="AWS_Docker" name="AWS_Container" time="6.555"/>
  <system-out/>
</testsuite> <!-- AWS_Docker -->
