<?xml version="1.0" encoding="UTF-8"?>
<!-- Generated by org.testng.reporters.JUnitReportReporter -->
<testsuite hostname="Himanshu" failures="0" tests="1" name="AWS" time="0.013" errors="0" timestamp="2023-10-08T14:39:54 IST" skipped="0">
  <testcase classname="AWS" name="AWS_headless" time="0.013"/>
  <system-out/>
</testsuite> <!-- AWS -->
