<?xml version="1.0" encoding="UTF-8"?>
<!-- Generated by org.testng.reporters.JUnitReportReporter -->
<testsuite hostname="Himanshu" failures="0" tests="1" name="AWS_Docker" time="7.872" errors="0" timestamp="2023-10-06T11:39:32 IST" skipped="0">
  <testcase classname="AWS_Docker" name="AWS_headless" time="7.872"/>
  <system-out/>
</testsuite> <!-- AWS_Docker -->
