<?xml version="1.0" encoding="UTF-8"?>
<!-- Generated by org.testng.reporters.JUnitReportReporter -->
<testsuite hostname="Himanshu" failures="0" tests="1" name="docker3" time="5.110" errors="0" timestamp="2023-01-23T22:09:28 IST" skipped="0">
  <testcase classname="docker3" name="edge" time="5.110"/>
  <system-out/>
</testsuite> <!-- docker3 -->
