<?xml version="1.0" encoding="UTF-8"?>
<!-- Generated by org.testng.reporters.JUnitReportReporter -->
<testsuite hostname="Himanshu" failures="0" tests="1" name="AWS_Docker" time="4.477" errors="0" timestamp="2023-10-08T16:26:09 IST" skipped="0">
  <testcase classname="AWS_Docker" name="AWS_Container" time="4.477"/>
  <system-out/>
</testsuite> <!-- AWS_Docker -->
