<?xml version="1.0" encoding="UTF-8"?>
<!-- Generated by org.testng.reporters.JUnitReportReporter -->
<testsuite hostname="Himanshu" failures="0" tests="1" name="AWS_Docker" time="5.562" errors="0" timestamp="2023-10-04T22:11:23 IST" skipped="0">
  <testcase classname="AWS_Docker" name="AWS1" time="5.562"/>
  <system-out/>
</testsuite> <!-- AWS_Docker -->
